C:\Program Files\Microsoft Visual Studio\2022\Community\MSBuild\Microsoft\VC\v170\Microsoft.CppBuild.targets(517,5): warning MSB8028: промежуточный каталог (Debug\) содержит файлы, которые используются совместно с другим проектом (bgi.vcxproj).  Это может привести к ошибкам очистки и перестроения.
  ArrayUtils.cpp
D:\SibSUTIS\Course 1\САОД\Code\LabaratoryWorkDataProcessing\ArrayUtils.cpp(184,10): warning C4244: инициализация: преобразование "double" в "int", возможна потеря данных
  bgiout.cxx
  Chart.cpp
D:\SibSUTIS\Course 1\САОД\Code\LabaratoryWorkDataProcessing\Chart.cpp(14,11): warning C4018: <: несоответствие типов со знаком и без знака
D:\SibSUTIS\Course 1\САОД\Code\LabaratoryWorkDataProcessing\Chart.cpp(16,140): warning C4244: аргумент: преобразование "double" в "int", возможна потеря данных
D:\SibSUTIS\Course 1\САОД\Code\LabaratoryWorkDataProcessing\Chart.cpp(16,100): warning C4244: аргумент: преобразование "double" в "int", возможна потеря данных
D:\SibSUTIS\Course 1\САОД\Code\LabaratoryWorkDataProcessing\Chart.cpp(16,65): warning C4244: аргумент: преобразование "double" в "int", возможна потеря данных
D:\SibSUTIS\Course 1\САОД\Code\LabaratoryWorkDataProcessing\Chart.cpp(16,29): warning C4244: аргумент: преобразование "double" в "int", возможна потеря данных
D:\SibSUTIS\Course 1\САОД\Code\LabaratoryWorkDataProcessing\Chart.cpp(17,72): warning C4244: аргумент: преобразование "double" в "int", возможна потеря данных
D:\SibSUTIS\Course 1\САОД\Code\LabaratoryWorkDataProcessing\Chart.cpp(17,36): warning C4244: аргумент: преобразование "double" в "int", возможна потеря данных
D:\SibSUTIS\Course 1\САОД\Code\LabaratoryWorkDataProcessing\Chart.cpp(19,135): warning C4244: аргумент: преобразование "double" в "int", возможна потеря данных
D:\SibSUTIS\Course 1\САОД\Code\LabaratoryWorkDataProcessing\Chart.cpp(19,91): warning C4244: аргумент: преобразование "double" в "int", возможна потеря данных
D:\SibSUTIS\Course 1\САОД\Code\LabaratoryWorkDataProcessing\Chart.cpp(22,71): warning C4244: аргумент: преобразование "double" в "int", возможна потеря данных
D:\SibSUTIS\Course 1\САОД\Code\LabaratoryWorkDataProcessing\Chart.cpp(22,35): warning C4244: аргумент: преобразование "double" в "int", возможна потеря данных
D:\SibSUTIS\Course 1\САОД\Code\LabaratoryWorkDataProcessing\Chart.cpp(45,24): warning C4244: инициализация: преобразование "double" в "int", возможна потеря данных
D:\SibSUTIS\Course 1\САОД\Code\LabaratoryWorkDataProcessing\Chart.cpp(45,47): warning C4244: +=: преобразование "double" в "int", возможна потеря данных
D:\SibSUTIS\Course 1\САОД\Code\LabaratoryWorkDataProcessing\Chart.cpp(50,24): warning C4244: инициализация: преобразование "double" в "int", возможна потеря данных
D:\SibSUTIS\Course 1\САОД\Code\LabaratoryWorkDataProcessing\Chart.cpp(50,47): warning C4244: +=: преобразование "double" в "int", возможна потеря данных
D:\SibSUTIS\Course 1\САОД\Code\LabaratoryWorkDataProcessing\Chart.cpp(77,64): warning C4244: аргумент: преобразование "double" в "int", возможна потеря данных
D:\SibSUTIS\Course 1\САОД\Code\LabaratoryWorkDataProcessing\Chart.cpp(77,29): warning C4244: аргумент: преобразование "double" в "int", возможна потеря данных
D:\SibSUTIS\Course 1\САОД\Code\LabaratoryWorkDataProcessing\Chart.cpp(83,71): warning C4244: аргумент: преобразование "double" в "int", возможна потеря данных
D:\SibSUTIS\Course 1\САОД\Code\LabaratoryWorkDataProcessing\Chart.cpp(83,45): warning C4244: аргумент: преобразование "double" в "int", возможна потеря данных
  dibutil.cxx
  drawing.cxx
D:\SibSUTIS\Course 1\САОД\Code\LabaratoryWorkDataProcessing\drawing.cxx(819,9): warning C4101: tries: неиспользованная локальная переменная
D:\SibSUTIS\Course 1\САОД\Code\LabaratoryWorkDataProcessing\drawing.cxx(859,10): warning C4101: answer: неиспользованная локальная переменная
D:\SibSUTIS\Course 1\САОД\Code\LabaratoryWorkDataProcessing\drawing.cxx(1110,6): warning C4996: 'strcat': This function or variable may be unsafe. Consider using strcat_s instead. To disable deprecation, use _CRT_SECURE_NO_WARNINGS. See online help for details.
  file.cxx
  Main.cpp
  MathUtils.cpp
D:\SibSUTIS\Course 1\САОД\Code\LabaratoryWorkDataProcessing\MathUtils.cpp(42,11): warning C4244: return: преобразование "double" в "int", возможна потеря данных
D:\SibSUTIS\Course 1\САОД\Code\LabaratoryWorkDataProcessing\MathUtils.cpp(46,13): warning C4244: return: преобразование "double" в "int", возможна потеря данных
D:\SibSUTIS\Course 1\САОД\Code\LabaratoryWorkDataProcessing\MathUtils.cpp(51,11): warning C4244: return: преобразование "double" в "int", возможна потеря данных
D:\SibSUTIS\Course 1\САОД\Code\LabaratoryWorkDataProcessing\MathUtils.cpp(56,13): warning C4244: return: преобразование "double" в "int", возможна потеря данных
  misc.cxx
D:\SibSUTIS\Course 1\САОД\Code\LabaratoryWorkDataProcessing\misc.cxx(595,39): warning C4838: Преобразование из "int" в "unsigned short" требует сужающего преобразования.
D:\SibSUTIS\Course 1\САОД\Code\LabaratoryWorkDataProcessing\misc.cxx(595,46): warning C4838: Преобразование из "int" в "unsigned short" требует сужающего преобразования.
D:\SibSUTIS\Course 1\САОД\Code\LabaratoryWorkDataProcessing\misc.cxx(595,53): warning C4838: Преобразование из "int" в "unsigned short" требует сужающего преобразования.
D:\SibSUTIS\Course 1\САОД\Code\LabaratoryWorkDataProcessing\misc.cxx(595,60): warning C4838: Преобразование из "int" в "unsigned short" требует сужающего преобразования.
D:\SibSUTIS\Course 1\САОД\Code\LabaratoryWorkDataProcessing\misc.cxx(595,67): warning C4838: Преобразование из "int" в "unsigned short" требует сужающего преобразования.
D:\SibSUTIS\Course 1\САОД\Code\LabaratoryWorkDataProcessing\misc.cxx(595,74): warning C4838: Преобразование из "int" в "unsigned short" требует сужающего преобразования.
D:\SibSUTIS\Course 1\САОД\Code\LabaratoryWorkDataProcessing\misc.cxx(595,81): warning C4838: Преобразование из "int" в "unsigned short" требует сужающего преобразования.
D:\SibSUTIS\Course 1\САОД\Code\LabaratoryWorkDataProcessing\misc.cxx(595,88): warning C4838: Преобразование из "int" в "unsigned short" требует сужающего преобразования.
D:\SibSUTIS\Course 1\САОД\Code\LabaratoryWorkDataProcessing\misc.cxx(596,39): warning C4838: Преобразование из "int" в "unsigned short" требует сужающего преобразования.
D:\SibSUTIS\Course 1\САОД\Code\LabaratoryWorkDataProcessing\misc.cxx(596,46): warning C4838: Преобразование из "int" в "unsigned short" требует сужающего преобразования.
D:\SibSUTIS\Course 1\САОД\Code\LabaratoryWorkDataProcessing\misc.cxx(596,53): warning C4838: Преобразование из "int" в "unsigned short" требует сужающего преобразования.
D:\SibSUTIS\Course 1\САОД\Code\LabaratoryWorkDataProcessing\misc.cxx(596,60): warning C4838: Преобразование из "int" в "unsigned short" требует сужающего преобразования.
D:\SibSUTIS\Course 1\САОД\Code\LabaratoryWorkDataProcessing\misc.cxx(596,67): warning C4838: Преобразование из "int" в "unsigned short" требует сужающего преобразования.
D:\SibSUTIS\Course 1\САОД\Code\LabaratoryWorkDataProcessing\misc.cxx(596,74): warning C4838: Преобразование из "int" в "unsigned short" требует сужающего преобразования.
D:\SibSUTIS\Course 1\САОД\Code\LabaratoryWorkDataProcessing\misc.cxx(596,81): warning C4838: Преобразование из "int" в "unsigned short" требует сужающего преобразования.
D:\SibSUTIS\Course 1\САОД\Code\LabaratoryWorkDataProcessing\misc.cxx(596,88): warning C4838: Преобразование из "int" в "unsigned short" требует сужающего преобразования.
D:\SibSUTIS\Course 1\САОД\Code\LabaratoryWorkDataProcessing\misc.cxx(597,39): warning C4838: Преобразование из "int" в "unsigned short" требует сужающего преобразования.
D:\SibSUTIS\Course 1\САОД\Code\LabaratoryWorkDataProcessing\misc.cxx(597,46): warning C4838: Преобразование из "int" в "unsigned short" требует сужающего преобразования.
D:\SibSUTIS\Course 1\САОД\Code\LabaratoryWorkDataProcessing\misc.cxx(597,53): warning C4838: Преобразование из "int" в "unsigned short" требует сужающего преобразования.
D:\SibSUTIS\Course 1\САОД\Code\LabaratoryWorkDataProcessing\misc.cxx(597,60): warning C4838: Преобразование из "int" в "unsigned short" требует сужающего преобразования.
D:\SibSUTIS\Course 1\САОД\Code\LabaratoryWorkDataProcessing\misc.cxx(597,67): warning C4838: Преобразование из "int" в "unsigned short" требует сужающего преобразования.
D:\SibSUTIS\Course 1\САОД\Code\LabaratoryWorkDataProcessing\misc.cxx(597,74): warning C4838: Преобразование из "int" в "unsigned short" требует сужающего преобразования.
D:\SibSUTIS\Course 1\САОД\Code\LabaratoryWorkDataProcessing\misc.cxx(597,81): warning C4838: Преобразование из "int" в "unsigned short" требует сужающего преобразования.
D:\SibSUTIS\Course 1\САОД\Code\LabaratoryWorkDataProcessing\misc.cxx(597,88): warning C4838: Преобразование из "int" в "unsigned short" требует сужающего преобразования.
D:\SibSUTIS\Course 1\САОД\Code\LabaratoryWorkDataProcessing\misc.cxx(598,39): warning C4838: Преобразование из "int" в "unsigned short" требует сужающего преобразования.
D:\SibSUTIS\Course 1\САОД\Code\LabaratoryWorkDataProcessing\misc.cxx(598,46): warning C4838: Преобразование из "int" в "unsigned short" требует сужающего преобразования.
D:\SibSUTIS\Course 1\САОД\Code\LabaratoryWorkDataProcessing\misc.cxx(598,53): warning C4838: Преобразование из "int" в "unsigned short" требует сужающего преобразования.
D:\SibSUTIS\Course 1\САОД\Code\LabaratoryWorkDataProcessing\misc.cxx(598,60): warning C4838: Преобразование из "int" в "unsigned short" требует сужающего преобразования.
D:\SibSUTIS\Course 1\САОД\Code\LabaratoryWorkDataProcessing\misc.cxx(598,67): warning C4838: Преобразование из "int" в "unsigned short" требует сужающего преобразования.
D:\SibSUTIS\Course 1\САОД\Code\LabaratoryWorkDataProcessing\misc.cxx(598,74): warning C4838: Преобразование из "int" в "unsigned short" требует сужающего преобразования.
D:\SibSUTIS\Course 1\САОД\Code\LabaratoryWorkDataProcessing\misc.cxx(598,81): warning C4838: Преобразование из "int" в "unsigned short" требует сужающего преобразования.
D:\SibSUTIS\Course 1\САОД\Code\LabaratoryWorkDataProcessing\misc.cxx(598,88): warning C4838: Преобразование из "int" в "unsigned short" требует сужающего преобразования.
D:\SibSUTIS\Course 1\САОД\Code\LabaratoryWorkDataProcessing\misc.cxx(599,39): warning C4838: Преобразование из "int" в "unsigned short" требует сужающего преобразования.
D:\SibSUTIS\Course 1\САОД\Code\LabaratoryWorkDataProcessing\misc.cxx(599,46): warning C4838: Преобразование из "int" в "unsigned short" требует сужающего преобразования.
D:\SibSUTIS\Course 1\САОД\Code\LabaratoryWorkDataProcessing\misc.cxx(599,53): warning C4838: Преобразование из "int" в "unsigned short" требует сужающего преобразования.
D:\SibSUTIS\Course 1\САОД\Code\LabaratoryWorkDataProcessing\misc.cxx(599,60): warning C4838: Преобразование из "int" в "unsigned short" требует сужающего преобразования.
D:\SibSUTIS\Course 1\САОД\Code\LabaratoryWorkDataProcessing\misc.cxx(599,67): warning C4838: Преобразование из "int" в "unsigned short" требует сужающего преобразования.
D:\SibSUTIS\Course 1\САОД\Code\LabaratoryWorkDataProcessing\misc.cxx(599,74): warning C4838: Преобразование из "int" в "unsigned short" требует сужающего преобразования.
D:\SibSUTIS\Course 1\САОД\Code\LabaratoryWorkDataProcessing\misc.cxx(599,81): warning C4838: Преобразование из "int" в "unsigned short" требует сужающего преобразования.
D:\SibSUTIS\Course 1\САОД\Code\LabaratoryWorkDataProcessing\misc.cxx(599,88): warning C4838: Преобразование из "int" в "unsigned short" требует сужающего преобразования.
  mouse.cxx
  palette.cxx
  main.cxx
D:\SibSUTIS\Course 1\САОД\Code\LabaratoryWorkDataProcessing\main.cxx(189,33): warning C4244: аргумент: преобразование "double" в "int", возможна потеря данных
D:\SibSUTIS\Course 1\САОД\Code\LabaratoryWorkDataProcessing\main.cxx(189,9): warning C4244: аргумент: преобразование "double" в "int", возможна потеря данных
D:\SibSUTIS\Course 1\САОД\Code\LabaratoryWorkDataProcessing\main.cxx(192,33): warning C4244: аргумент: преобразование "double" в "int", возможна потеря данных
D:\SibSUTIS\Course 1\САОД\Code\LabaratoryWorkDataProcessing\main.cxx(192,9): warning C4244: аргумент: преобразование "double" в "int", возможна потеря данных
D:\SibSUTIS\Course 1\САОД\Code\LabaratoryWorkDataProcessing\main.cxx(195,42): warning C4244: аргумент: преобразование "double" в "int", возможна потеря данных
D:\SibSUTIS\Course 1\САОД\Code\LabaratoryWorkDataProcessing\main.cxx(194,56): warning C4244: аргумент: преобразование "double" в "int", возможна потеря данных
D:\SibSUTIS\Course 1\САОД\Code\LabaratoryWorkDataProcessing\main.cxx(194,38): warning C4244: аргумент: преобразование "double" в "int", возможна потеря данных
D:\SibSUTIS\Course 1\САОД\Code\LabaratoryWorkDataProcessing\main.cxx(194,20): warning C4244: аргумент: преобразование "double" в "int", возможна потеря данных
D:\SibSUTIS\Course 1\САОД\Code\LabaratoryWorkDataProcessing\main.cxx(333,23): warning C4805: ==: небезопасное смешение типа "int" и типа "bool" в операции
D:\SibSUTIS\Course 1\САОД\Code\LabaratoryWorkDataProcessing\main.cxx(367,21): warning C4244: =: преобразование "double" в "int", возможна потеря данных
D:\SibSUTIS\Course 1\САОД\Code\LabaratoryWorkDataProcessing\main.cxx(388,17): warning C4244: =: преобразование "double" в "float", возможна потеря данных
D:\SibSUTIS\Course 1\САОД\Code\LabaratoryWorkDataProcessing\main.cxx(397,21): warning C4244: =: преобразование "float" в "int", возможна потеря данных
  Table.cpp
  Table.h
  text.cxx
D:\SibSUTIS\Course 1\САОД\Code\LabaratoryWorkDataProcessing\text.cxx(348,19): warning C4018: <: несоответствие типов со знаком и без знака
  winbgi.cxx
D:\SibSUTIS\Course 1\САОД\Code\LabaratoryWorkDataProcessing\winbgi.cxx(134,14): warning C4101: actual_color: неиспользованная локальная переменная
D:\SibSUTIS\Course 1\САОД\Code\LabaratoryWorkDataProcessing\winbgi.cxx(133,9): warning C4101: bgi_color: неиспользованная локальная переменная
D:\SibSUTIS\Course 1\САОД\Code\LabaratoryWorkDataProcessing\winbgi.cxx(494,5): warning C4996: 'sprintf': This function or variable may be unsafe. Consider using sprintf_s instead. To disable deprecation, use _CRT_SECURE_NO_WARNINGS. See online help for details.
  WindowSize.h
  winthread.cxx
D:\SibSUTIS\Course 1\САОД\Code\LabaratoryWorkDataProcessing\winthread.cxx(320,9): warning C4101: i: неиспользованная локальная переменная
  Выполнение Code Analysis для C/C++...
  Создание кода...
Debug\main.obj : warning LNK4042: объект указан более одного раза; лишние не учитываются
Debug\Table.obj : warning LNK4042: объект указан более одного раза; лишние не учитываются
  bgi.vcxproj -> D:\SibSUTIS\Course 1\САОД\Code\LabaratoryWorkDataProcessing\Debug\LabaratoryWorkDataProcessing.exe
D:\SibSUTIS\Course 1\САОД\Code\LabaratoryWorkDataProcessing\ArrayUtils.cpp(212): warning C26451: Арифметическое переполнение: использование оператора "+" на байтовом значении 4 и приведение результата к байтовому значению 8. Приведите значение к более широкому типу перед вызовом оператора "+", чтобы избежать переполнения (io.2).
D:\SibSUTIS\Course 1\САОД\Code\LabaratoryWorkDataProcessing\ArrayUtils.cpp(341): warning C6011: Разыменование пустого указателя "mt". 
D:\SibSUTIS\Course 1\САОД\Code\LabaratoryWorkDataProcessing\Chart.cpp(19): warning C26451: Арифметическое переполнение: использование оператора "*" на байтовом значении 4 и приведение результата к байтовому значению 8. Приведите значение к более широкому типу перед вызовом оператора "*", чтобы избежать переполнения (io.2).
D:\SibSUTIS\Course 1\САОД\Code\LabaratoryWorkDataProcessing\Chart.cpp(19): warning C26451: Арифметическое переполнение: использование оператора "*" на байтовом значении 4 и приведение результата к байтовому значению 8. Приведите значение к более широкому типу перед вызовом оператора "*", чтобы избежать переполнения (io.2).
D:\SibSUTIS\Course 1\САОД\Code\LabaratoryWorkDataProcessing\dibutil.cxx(125): warning C6011: Разыменование пустого указателя "lpbi". 
D:\SibSUTIS\Course 1\САОД\Code\LabaratoryWorkDataProcessing\dibutil.cxx(397): warning C6011: Разыменование пустого указателя "lpbi". 
D:\SibSUTIS\Course 1\САОД\Code\LabaratoryWorkDataProcessing\dibutil.cxx(419): warning C6011: Разыменование пустого указателя "lpPal". 
D:\SibSUTIS\Course 1\САОД\Code\LabaratoryWorkDataProcessing\dibutil.cxx(429): warning C6011: Разыменование пустого указателя "lpbmi". Самое раннее расположение, где это могло произойти, см. в строке 397
D:\SibSUTIS\Course 1\САОД\Code\LabaratoryWorkDataProcessing\dibutil.cxx(436): warning C6011: Разыменование пустого указателя "lpbmc". Самое раннее расположение, где это могло произойти, см. в строке 397
D:\SibSUTIS\Course 1\САОД\Code\LabaratoryWorkDataProcessing\dibutil.cxx(445): warning C6387: "lpPal" может быть "0".
D:\SibSUTIS\Course 1\САОД\Code\LabaratoryWorkDataProcessing\dibutil.cxx(459): warning C6001: Использование неинициализированной памяти "hLogPal".
D:\SibSUTIS\Course 1\САОД\Code\LabaratoryWorkDataProcessing\dibutil.cxx(701): warning C6001: Использование неинициализированной памяти "hDIB".
D:\SibSUTIS\Course 1\САОД\Code\LabaratoryWorkDataProcessing\dibutil.cxx(718): warning C6011: Разыменование пустого указателя "lpbi". 
D:\SibSUTIS\Course 1\САОД\Code\LabaratoryWorkDataProcessing\dibutil.cxx(718): warning C6387: "_Param_(6)" может быть "0".
D:\SibSUTIS\Course 1\САОД\Code\LabaratoryWorkDataProcessing\dibutil.cxx(827): warning C6011: Разыменование пустого указателя "lpLogPal". 
D:\SibSUTIS\Course 1\САОД\Code\LabaratoryWorkDataProcessing\dibutil.cxx(838): warning C6387: "lpLogPal" может быть "0".
D:\SibSUTIS\Course 1\САОД\Code\LabaratoryWorkDataProcessing\dibutil.cxx(898): warning C6011: Разыменование пустого указателя "lpbi". 
D:\SibSUTIS\Course 1\САОД\Code\LabaratoryWorkDataProcessing\dibutil.cxx(902): warning C6387: "_Param_(6)" может быть "0".
D:\SibSUTIS\Course 1\САОД\Code\LabaratoryWorkDataProcessing\dibutil.cxx(929): warning C6001: Использование неинициализированной памяти "hDIB".
D:\SibSUTIS\Course 1\САОД\Code\LabaratoryWorkDataProcessing\dibutil.cxx(1083): warning C6011: Разыменование пустого указателя "lpbi". 
D:\SibSUTIS\Course 1\САОД\Code\LabaratoryWorkDataProcessing\dibutil.cxx(1083): warning C6387: "_Param_(6)" может быть "0".
D:\SibSUTIS\Course 1\САОД\Code\LabaratoryWorkDataProcessing\dibutil.cxx(1234): warning C6011: Разыменование пустого указателя "lpbi". 
D:\SibSUTIS\Course 1\САОД\Code\LabaratoryWorkDataProcessing\dibutil.cxx(1234): warning C6387: "_Param_(6)" может быть "0".
D:\SibSUTIS\Course 1\САОД\Code\LabaratoryWorkDataProcessing\dibutil.cxx(1234): warning C6001: Использование неинициализированной памяти "hDC".
D:\SibSUTIS\Course 1\САОД\Code\LabaratoryWorkDataProcessing\drawing.cxx(1076): warning C6387: "_Param_(10)" может быть "0".
D:\SibSUTIS\Course 1\САОД\Code\LabaratoryWorkDataProcessing\drawing.cxx(1109): warning C6054: Возможно, строка "fn" не завершается нулем.
D:\SibSUTIS\Course 1\САОД\Code\LabaratoryWorkDataProcessing\file.cxx(380): warning C6031: Возвращаемое значение пропущено: "ReadFile".
D:\SibSUTIS\Course 1\САОД\Code\LabaratoryWorkDataProcessing\file.cxx(380): warning C6011: Разыменование пустого указателя "lpbi". 
D:\SibSUTIS\Course 1\САОД\Code\LabaratoryWorkDataProcessing\file.cxx(403): warning C6001: Использование неинициализированной памяти "hDIB".
D:\SibSUTIS\Course 1\САОД\Code\LabaratoryWorkDataProcessing\main.cxx(110): warning C28251: Несогласованная аннотация для "WinMain": данный экземпляр содержит нет аннотаций. См. c:\program files (x86)\windows kits\10\include\10.0.22621.0\um\winbase.h(1037). 
D:\SibSUTIS\Course 1\САОД\Code\LabaratoryWorkDataProcessing\main.cxx(184): warning C26451: Арифметическое переполнение: использование оператора "-" на байтовом значении 4 и приведение результата к байтовому значению 8. Приведите значение к более широкому типу перед вызовом оператора "-", чтобы избежать переполнения (io.2).
D:\SibSUTIS\Course 1\САОД\Code\LabaratoryWorkDataProcessing\main.cxx(185): warning C26451: Арифметическое переполнение: использование оператора "-" на байтовом значении 4 и приведение результата к байтовому значению 8. Приведите значение к более широкому типу перед вызовом оператора "-", чтобы избежать переполнения (io.2).
D:\SibSUTIS\Course 1\САОД\Code\LabaratoryWorkDataProcessing\main.cxx(218): warning C26451: Арифметическое переполнение: использование оператора "-" на байтовом значении 4 и приведение результата к байтовому значению 8. Приведите значение к более широкому типу перед вызовом оператора "-", чтобы избежать переполнения (io.2).
D:\SibSUTIS\Course 1\САОД\Code\LabaratoryWorkDataProcessing\main.cxx(220): warning C26451: Арифметическое переполнение: использование оператора "+" на байтовом значении 4 и приведение результата к байтовому значению 8. Приведите значение к более широкому типу перед вызовом оператора "+", чтобы избежать переполнения (io.2).
D:\SibSUTIS\Course 1\САОД\Code\LabaratoryWorkDataProcessing\main.cxx(248): warning C26451: Арифметическое переполнение: использование оператора "-" на байтовом значении 4 и приведение результата к байтовому значению 8. Приведите значение к более широкому типу перед вызовом оператора "-", чтобы избежать переполнения (io.2).
D:\SibSUTIS\Course 1\САОД\Code\LabaratoryWorkDataProcessing\main.cxx(248): warning C26451: Арифметическое переполнение: использование оператора "-" на байтовом значении 4 и приведение результата к байтовому значению 8. Приведите значение к более широкому типу перед вызовом оператора "-", чтобы избежать переполнения (io.2).
D:\SibSUTIS\Course 1\САОД\Code\LabaratoryWorkDataProcessing\misc.cxx(154): warning C6001: Использование неинициализированной памяти "style".
D:\SibSUTIS\Course 1\САОД\Code\LabaratoryWorkDataProcessing\misc.cxx(707): warning C6387: "hRGN" может быть "0".
D:\SibSUTIS\Course 1\САОД\Code\LabaratoryWorkDataProcessing\winbgitypes.h(69): warning C26495: Переменная "WindowData::width" не инициализирована. Всегда инициализируйте переменную-член (type.6).
D:\SibSUTIS\Course 1\САОД\Code\LabaratoryWorkDataProcessing\winbgi.cxx(575): warning C6385: Чтение недопустимых данных из "msg".
D:\SibSUTIS\Course 1\САОД\Code\LabaratoryWorkDataProcessing\winthread.cxx(120): warning C6387: "pWndData->hDCMutex" может быть "0".
D:\SibSUTIS\Course 1\САОД\Code\LabaratoryWorkDataProcessing\winthread.cxx(128): warning C6387: "pWndData->hDCMutex" может быть "0".
D:\SibSUTIS\Course 1\САОД\Code\LabaratoryWorkDataProcessing\winthread.cxx(400): warning C6011: Разыменование пустого указателя "pWndData". 
