c:\documents and settings\administrator\my documents\visual studio 2010\projects\bgi\debug\vc100.pdb
c:\documents and settings\administrator\my documents\visual studio 2010\projects\bgi\debug\bgiout.obj
c:\documents and settings\administrator\my documents\visual studio 2010\projects\bgi\debug\winthread.obj
c:\documents and settings\administrator\my documents\visual studio 2010\projects\bgi\debug\bgi.obj
c:\documents and settings\administrator\my documents\visual studio 2010\projects\bgi\debug\drawing.obj
c:\documents and settings\administrator\my documents\visual studio 2010\projects\bgi\debug\misc.obj
c:\documents and settings\administrator\my documents\visual studio 2010\projects\bgi\debug\mouse.obj
c:\documents and settings\administrator\my documents\visual studio 2010\projects\bgi\debug\palette.obj
c:\documents and settings\administrator\my documents\visual studio 2010\projects\bgi\debug\text.obj
c:\documents and settings\administrator\my documents\visual studio 2010\projects\bgi\debug\winbgi.obj
c:\documents and settings\administrator\my documents\visual studio 2010\projects\bgi\debug\dibutil.obj
c:\documents and settings\administrator\my documents\visual studio 2010\projects\bgi\debug\file.obj
c:\documents and settings\administrator\my documents\visual studio 2010\projects\bgi\debug\test-colors.obj
c:\documents and settings\administrator\my documents\visual studio 2010\projects\bgi\debug\main.obj
c:\documents and settings\administrator\my documents\visual studio 2010\projects\bgi\debug\bgi.ilk
c:\documents and settings\administrator\my documents\visual studio 2010\projects\bgi\debug\bgi.exe
c:\documents and settings\administrator\my documents\visual studio 2010\projects\bgi\debug\bgi.exe.intermediate.manifest
c:\documents and settings\administrator\my documents\visual studio 2010\projects\bgi\debug\bgi.pdb
d:\sibsutis\course 1\саод\code\labaratoryworkdataprocessing\debug\vc143.pdb
d:\sibsutis\course 1\саод\code\labaratoryworkdataprocessing\debug\vc143.idb
d:\sibsutis\course 1\саод\code\labaratoryworkdataprocessing\debug\winthread.obj
d:\sibsutis\course 1\саод\code\labaratoryworkdataprocessing\debug\winbgi.obj
d:\sibsutis\course 1\саод\code\labaratoryworkdataprocessing\debug\text.obj
d:\sibsutis\course 1\саод\code\labaratoryworkdataprocessing\debug\main.obj
d:\sibsutis\course 1\саод\code\labaratoryworkdataprocessing\debug\palette.obj
d:\sibsutis\course 1\саод\code\labaratoryworkdataprocessing\debug\mouse.obj
d:\sibsutis\course 1\саод\code\labaratoryworkdataprocessing\debug\misc.obj
d:\sibsutis\course 1\саод\code\labaratoryworkdataprocessing\debug\file.obj
d:\sibsutis\course 1\саод\code\labaratoryworkdataprocessing\debug\drawing.obj
d:\sibsutis\course 1\саод\code\labaratoryworkdataprocessing\debug\dibutil.obj
d:\sibsutis\course 1\саод\code\labaratoryworkdataprocessing\debug\bgiout.obj
d:\sibsutis\course 1\саод\code\labaratoryworkdataprocessing\debug\bgi.obj
d:\sibsutis\course 1\саод\code\labaratoryworkdataprocessing\debug\test-colors.obj
d:\sibsutis\course 1\саод\code\labaratoryworkdataprocessing\debug\cl.command.1.tlog
d:\sibsutis\course 1\саод\code\labaratoryworkdataprocessing\debug\cl.read.1.tlog
d:\sibsutis\course 1\саод\code\labaratoryworkdataprocessing\debug\cl.write.1.tlog
d:\sibsutis\course 1\саод\code\labaratoryworkdataprocessing\debug\link.command.1.tlog
d:\sibsutis\course 1\саод\code\labaratoryworkdataprocessing\debug\link.read.1.tlog
d:\sibsutis\course 1\саод\code\labaratoryworkdataprocessing\debug\link.write.1.tlog
d:\sibsutis\course 1\саод\code\labaratoryworkdataprocessing\debug\mt.command.1.tlog
d:\sibsutis\course 1\саод\code\labaratoryworkdataprocessing\debug\mt.read.1.tlog
d:\sibsutis\course 1\саод\code\labaratoryworkdataprocessing\debug\mt.write.1.tlog
d:\sibsutis\course 1\саод\code\labaratoryworkdataprocessing\debug\bgi.exe.intermediate.manifest
d:\sibsutis\course 1\саод\code\labaratoryworkdataprocessing\debug\vc100.idb
d:\sibsutis\course 1\саод\code\labaratoryworkdataprocessing\debug\bgi.pdb
d:\sibsutis\course 1\саод\code\labaratoryworkdataprocessing\debug\vc100.pdb
d:\sibsutis\course 1\саод\code\labaratoryworkdataprocessing\debug\bgi.tlog\cl.command.1.tlog
d:\sibsutis\course 1\саод\code\labaratoryworkdataprocessing\debug\bgi.tlog\cl.read.1.tlog
d:\sibsutis\course 1\саод\code\labaratoryworkdataprocessing\debug\bgi.tlog\cl.write.1.tlog
d:\sibsutis\course 1\саод\code\labaratoryworkdataprocessing\debug\bgi.tlog\link-cvtres.read.1.tlog
d:\sibsutis\course 1\саод\code\labaratoryworkdataprocessing\debug\bgi.tlog\link-cvtres.write.1.tlog
d:\sibsutis\course 1\саод\code\labaratoryworkdataprocessing\debug\bgi.tlog\link-rc.read.1.tlog
d:\sibsutis\course 1\саод\code\labaratoryworkdataprocessing\debug\bgi.tlog\link-rc.write.1.tlog
d:\sibsutis\course 1\саод\code\labaratoryworkdataprocessing\debug\bgi.tlog\link.command.1.tlog
d:\sibsutis\course 1\саод\code\labaratoryworkdataprocessing\debug\bgi.tlog\link.read.1.tlog
d:\sibsutis\course 1\саод\code\labaratoryworkdataprocessing\debug\bgi.tlog\link.write.1.tlog
