d:\sibsutis\course 1\саод\code\labaratoryworkdataprocessing\debug\vc143.pdb
d:\sibsutis\course 1\саод\code\labaratoryworkdataprocessing\debug\vc143.idb
d:\sibsutis\course 1\саод\code\labaratoryworkdataprocessing\debug\winthread.obj
d:\sibsutis\course 1\саод\code\labaratoryworkdataprocessing\debug\windowsize.obj
d:\sibsutis\course 1\саод\code\labaratoryworkdataprocessing\debug\winbgi.obj
d:\sibsutis\course 1\саод\code\labaratoryworkdataprocessing\debug\text.obj
d:\sibsutis\course 1\саод\code\labaratoryworkdataprocessing\debug\table.obj
d:\sibsutis\course 1\саод\code\labaratoryworkdataprocessing\debug\main.obj
d:\sibsutis\course 1\саод\code\labaratoryworkdataprocessing\debug\palette.obj
d:\sibsutis\course 1\саод\code\labaratoryworkdataprocessing\debug\mouse.obj
d:\sibsutis\course 1\саод\code\labaratoryworkdataprocessing\debug\misc.obj
d:\sibsutis\course 1\саод\code\labaratoryworkdataprocessing\debug\mathutils.obj
d:\sibsutis\course 1\саод\code\labaratoryworkdataprocessing\debug\file.obj
d:\sibsutis\course 1\саод\code\labaratoryworkdataprocessing\debug\drawing.obj
d:\sibsutis\course 1\саод\code\labaratoryworkdataprocessing\debug\dibutil.obj
d:\sibsutis\course 1\саод\code\labaratoryworkdataprocessing\debug\chart.obj
d:\sibsutis\course 1\саод\code\labaratoryworkdataprocessing\debug\bgiout.obj
d:\sibsutis\course 1\саод\code\labaratoryworkdataprocessing\debug\arrayutils.obj
d:\sibsutis\course 1\саод\code\labaratoryworkdataprocessing\debug\labaratoryworkdataprocessing.exe
d:\sibsutis\course 1\саод\code\labaratoryworkdataprocessing\debug\labaratoryworkdataprocessing.ilk
d:\sibsutis\course 1\саод\code\labaratoryworkdataprocessing\debug\labaratoryworkdataprocessing.pdb
d:\sibsutis\course 1\саод\code\labaratoryworkdataprocessing\debug\labarato.b0a1af87.tlog\cl.command.1.tlog
d:\sibsutis\course 1\саод\code\labaratoryworkdataprocessing\debug\labarato.b0a1af87.tlog\cl.read.1.tlog
d:\sibsutis\course 1\саод\code\labaratoryworkdataprocessing\debug\labarato.b0a1af87.tlog\cl.write.1.tlog
d:\sibsutis\course 1\саод\code\labaratoryworkdataprocessing\debug\labarato.b0a1af87.tlog\link.command.1.tlog
d:\sibsutis\course 1\саод\code\labaratoryworkdataprocessing\debug\labarato.b0a1af87.tlog\link.read.1.tlog
d:\sibsutis\course 1\саод\code\labaratoryworkdataprocessing\debug\labarato.b0a1af87.tlog\link.write.1.tlog
